c:\users\adam\source\repos\opengl2024\glfw-3.4\build\src\debug\glfw3.pdb
d:\gihub\opengl\opengl2024\glfw-3.4\build\src\glfw.dir\debug\win32_window.obj
d:\gihub\opengl\opengl2024\glfw-3.4\build\src\glfw.dir\debug\win32_monitor.obj
d:\gihub\opengl\opengl2024\glfw-3.4\build\src\glfw.dir\debug\win32_joystick.obj
d:\gihub\opengl\opengl2024\glfw-3.4\build\src\glfw.dir\debug\win32_init.obj
d:\gihub\opengl\opengl2024\glfw-3.4\build\src\glfw.dir\debug\win32_thread.obj
d:\gihub\opengl\opengl2024\glfw-3.4\build\src\glfw.dir\debug\win32_time.obj
d:\gihub\opengl\opengl2024\glfw-3.4\build\src\glfw.dir\debug\win32_module.obj
d:\gihub\opengl\opengl2024\glfw-3.4\build\src\glfw.dir\debug\null_joystick.obj
d:\gihub\opengl\opengl2024\glfw-3.4\build\src\glfw.dir\debug\null_window.obj
d:\gihub\opengl\opengl2024\glfw-3.4\build\src\glfw.dir\debug\null_monitor.obj
d:\gihub\opengl\opengl2024\glfw-3.4\build\src\glfw.dir\debug\null_init.obj
d:\gihub\opengl\opengl2024\glfw-3.4\build\src\glfw.dir\debug\osmesa_context.obj
d:\gihub\opengl\opengl2024\glfw-3.4\build\src\glfw.dir\debug\egl_context.obj
d:\gihub\opengl\opengl2024\glfw-3.4\build\src\glfw.dir\debug\window.obj
d:\gihub\opengl\opengl2024\glfw-3.4\build\src\glfw.dir\debug\vulkan.obj
d:\gihub\opengl\opengl2024\glfw-3.4\build\src\glfw.dir\debug\platform.obj
d:\gihub\opengl\opengl2024\glfw-3.4\build\src\glfw.dir\debug\monitor.obj
d:\gihub\opengl\opengl2024\glfw-3.4\build\src\glfw.dir\debug\input.obj
d:\gihub\opengl\opengl2024\glfw-3.4\build\src\glfw.dir\debug\init.obj
d:\gihub\opengl\opengl2024\glfw-3.4\build\src\glfw.dir\debug\context.obj
d:\gihub\opengl\opengl2024\glfw-3.4\build\src\glfw.dir\debug\wgl_context.obj
c:\users\adam\source\repos\opengl2024\glfw-3.4\build\src\cmakefiles\generate.stamp
c:\users\adam\source\repos\opengl2024\glfw-3.4\build\src\debug\glfw3.lib
d:\github\opengl\opengl2024\glfw-3.4\build\src\glfw.dir\debug\glfw.tlog\cl.command.1.tlog
d:\github\opengl\opengl2024\glfw-3.4\build\src\glfw.dir\debug\glfw.tlog\cl.items.tlog
d:\github\opengl\opengl2024\glfw-3.4\build\src\glfw.dir\debug\glfw.tlog\cl.read.1.tlog
d:\github\opengl\opengl2024\glfw-3.4\build\src\glfw.dir\debug\glfw.tlog\cl.write.1.tlog
d:\github\opengl\opengl2024\glfw-3.4\build\src\glfw.dir\debug\glfw.tlog\custombuild.command.1.tlog
d:\github\opengl\opengl2024\glfw-3.4\build\src\glfw.dir\debug\glfw.tlog\custombuild.read.1.tlog
d:\github\opengl\opengl2024\glfw-3.4\build\src\glfw.dir\debug\glfw.tlog\custombuild.write.1.tlog
d:\github\opengl\opengl2024\glfw-3.4\build\src\glfw.dir\debug\glfw.tlog\lib-link.read.1.tlog
d:\github\opengl\opengl2024\glfw-3.4\build\src\glfw.dir\debug\glfw.tlog\lib-link.write.1.tlog
d:\github\opengl\opengl2024\glfw-3.4\build\src\glfw.dir\debug\glfw.tlog\lib.command.1.tlog
