C:\Program Files\Microsoft Visual Studio\2022\Community\MSBuild\Current\Bin\amd64\Microsoft.Common.CurrentVersion.targets(2128,5): warning : The referenced project 'C:\Users\Adam\source\repos\OpenGL2024\glfw-3.4\build\ZERO_CHECK.vcxproj' does not exist.
C:\Program Files\Microsoft Visual Studio\2022\Community\MSBuild\Current\Bin\amd64\Microsoft.Common.CurrentVersion.targets(2128,5): warning : The referenced project 'C:\Users\Adam\source\repos\OpenGL2024\glfw-3.4\build\tests\allocator.vcxproj' does not exist.
C:\Program Files\Microsoft Visual Studio\2022\Community\MSBuild\Current\Bin\amd64\Microsoft.Common.CurrentVersion.targets(2128,5): warning : The referenced project 'C:\Users\Adam\source\repos\OpenGL2024\glfw-3.4\build\examples\boing.vcxproj' does not exist.
C:\Program Files\Microsoft Visual Studio\2022\Community\MSBuild\Current\Bin\amd64\Microsoft.Common.CurrentVersion.targets(2128,5): warning : The referenced project 'C:\Users\Adam\source\repos\OpenGL2024\glfw-3.4\build\tests\clipboard.vcxproj' does not exist.
C:\Program Files\Microsoft Visual Studio\2022\Community\MSBuild\Current\Bin\amd64\Microsoft.Common.CurrentVersion.targets(2128,5): warning : The referenced project 'C:\Users\Adam\source\repos\OpenGL2024\glfw-3.4\build\tests\cursor.vcxproj' does not exist.
C:\Program Files\Microsoft Visual Studio\2022\Community\MSBuild\Current\Bin\amd64\Microsoft.Common.CurrentVersion.targets(2128,5): warning : The referenced project 'C:\Users\Adam\source\repos\OpenGL2024\glfw-3.4\build\tests\empty.vcxproj' does not exist.
C:\Program Files\Microsoft Visual Studio\2022\Community\MSBuild\Current\Bin\amd64\Microsoft.Common.CurrentVersion.targets(2128,5): warning : The referenced project 'C:\Users\Adam\source\repos\OpenGL2024\glfw-3.4\build\tests\events.vcxproj' does not exist.
C:\Program Files\Microsoft Visual Studio\2022\Community\MSBuild\Current\Bin\amd64\Microsoft.Common.CurrentVersion.targets(2128,5): warning : The referenced project 'C:\Users\Adam\source\repos\OpenGL2024\glfw-3.4\build\tests\gamma.vcxproj' does not exist.
C:\Program Files\Microsoft Visual Studio\2022\Community\MSBuild\Current\Bin\amd64\Microsoft.Common.CurrentVersion.targets(2128,5): warning : The referenced project 'C:\Users\Adam\source\repos\OpenGL2024\glfw-3.4\build\examples\gears.vcxproj' does not exist.
C:\Program Files\Microsoft Visual Studio\2022\Community\MSBuild\Current\Bin\amd64\Microsoft.Common.CurrentVersion.targets(2128,5): warning : The referenced project 'C:\Users\Adam\source\repos\OpenGL2024\glfw-3.4\build\src\glfw.vcxproj' does not exist.
C:\Program Files\Microsoft Visual Studio\2022\Community\MSBuild\Current\Bin\amd64\Microsoft.Common.CurrentVersion.targets(2128,5): warning : The referenced project 'C:\Users\Adam\source\repos\OpenGL2024\glfw-3.4\build\tests\glfwinfo.vcxproj' does not exist.
C:\Program Files\Microsoft Visual Studio\2022\Community\MSBuild\Current\Bin\amd64\Microsoft.Common.CurrentVersion.targets(2128,5): warning : The referenced project 'C:\Users\Adam\source\repos\OpenGL2024\glfw-3.4\build\examples\heightmap.vcxproj' does not exist.
C:\Program Files\Microsoft Visual Studio\2022\Community\MSBuild\Current\Bin\amd64\Microsoft.Common.CurrentVersion.targets(2128,5): warning : The referenced project 'C:\Users\Adam\source\repos\OpenGL2024\glfw-3.4\build\tests\icon.vcxproj' does not exist.
C:\Program Files\Microsoft Visual Studio\2022\Community\MSBuild\Current\Bin\amd64\Microsoft.Common.CurrentVersion.targets(2128,5): warning : The referenced project 'C:\Users\Adam\source\repos\OpenGL2024\glfw-3.4\build\tests\iconify.vcxproj' does not exist.
C:\Program Files\Microsoft Visual Studio\2022\Community\MSBuild\Current\Bin\amd64\Microsoft.Common.CurrentVersion.targets(2128,5): warning : The referenced project 'C:\Users\Adam\source\repos\OpenGL2024\glfw-3.4\build\tests\inputlag.vcxproj' does not exist.
C:\Program Files\Microsoft Visual Studio\2022\Community\MSBuild\Current\Bin\amd64\Microsoft.Common.CurrentVersion.targets(2128,5): warning : The referenced project 'C:\Users\Adam\source\repos\OpenGL2024\glfw-3.4\build\tests\joysticks.vcxproj' does not exist.
C:\Program Files\Microsoft Visual Studio\2022\Community\MSBuild\Current\Bin\amd64\Microsoft.Common.CurrentVersion.targets(2128,5): warning : The referenced project 'C:\Users\Adam\source\repos\OpenGL2024\glfw-3.4\build\tests\monitors.vcxproj' does not exist.
C:\Program Files\Microsoft Visual Studio\2022\Community\MSBuild\Current\Bin\amd64\Microsoft.Common.CurrentVersion.targets(2128,5): warning : The referenced project 'C:\Users\Adam\source\repos\OpenGL2024\glfw-3.4\build\tests\msaa.vcxproj' does not exist.
C:\Program Files\Microsoft Visual Studio\2022\Community\MSBuild\Current\Bin\amd64\Microsoft.Common.CurrentVersion.targets(2128,5): warning : The referenced project 'C:\Users\Adam\source\repos\OpenGL2024\glfw-3.4\build\examples\offscreen.vcxproj' does not exist.
C:\Program Files\Microsoft Visual Studio\2022\Community\MSBuild\Current\Bin\amd64\Microsoft.Common.CurrentVersion.targets(2128,5): warning : The referenced project 'C:\Users\Adam\source\repos\OpenGL2024\glfw-3.4\build\examples\particles.vcxproj' does not exist.
C:\Program Files\Microsoft Visual Studio\2022\Community\MSBuild\Current\Bin\amd64\Microsoft.Common.CurrentVersion.targets(2128,5): warning : The referenced project 'C:\Users\Adam\source\repos\OpenGL2024\glfw-3.4\build\tests\reopen.vcxproj' does not exist.
C:\Program Files\Microsoft Visual Studio\2022\Community\MSBuild\Current\Bin\amd64\Microsoft.Common.CurrentVersion.targets(2128,5): warning : The referenced project 'C:\Users\Adam\source\repos\OpenGL2024\glfw-3.4\build\examples\sharing.vcxproj' does not exist.
C:\Program Files\Microsoft Visual Studio\2022\Community\MSBuild\Current\Bin\amd64\Microsoft.Common.CurrentVersion.targets(2128,5): warning : The referenced project 'C:\Users\Adam\source\repos\OpenGL2024\glfw-3.4\build\examples\splitview.vcxproj' does not exist.
C:\Program Files\Microsoft Visual Studio\2022\Community\MSBuild\Current\Bin\amd64\Microsoft.Common.CurrentVersion.targets(2128,5): warning : The referenced project 'C:\Users\Adam\source\repos\OpenGL2024\glfw-3.4\build\tests\tearing.vcxproj' does not exist.
C:\Program Files\Microsoft Visual Studio\2022\Community\MSBuild\Current\Bin\amd64\Microsoft.Common.CurrentVersion.targets(2128,5): warning : The referenced project 'C:\Users\Adam\source\repos\OpenGL2024\glfw-3.4\build\tests\threads.vcxproj' does not exist.
C:\Program Files\Microsoft Visual Studio\2022\Community\MSBuild\Current\Bin\amd64\Microsoft.Common.CurrentVersion.targets(2128,5): warning : The referenced project 'C:\Users\Adam\source\repos\OpenGL2024\glfw-3.4\build\tests\timeout.vcxproj' does not exist.
C:\Program Files\Microsoft Visual Studio\2022\Community\MSBuild\Current\Bin\amd64\Microsoft.Common.CurrentVersion.targets(2128,5): warning : The referenced project 'C:\Users\Adam\source\repos\OpenGL2024\glfw-3.4\build\tests\title.vcxproj' does not exist.
C:\Program Files\Microsoft Visual Studio\2022\Community\MSBuild\Current\Bin\amd64\Microsoft.Common.CurrentVersion.targets(2128,5): warning : The referenced project 'C:\Users\Adam\source\repos\OpenGL2024\glfw-3.4\build\examples\triangle-opengl.vcxproj' does not exist.
C:\Program Files\Microsoft Visual Studio\2022\Community\MSBuild\Current\Bin\amd64\Microsoft.Common.CurrentVersion.targets(2128,5): warning : The referenced project 'C:\Users\Adam\source\repos\OpenGL2024\glfw-3.4\build\examples\triangle-opengles.vcxproj' does not exist.
C:\Program Files\Microsoft Visual Studio\2022\Community\MSBuild\Current\Bin\amd64\Microsoft.Common.CurrentVersion.targets(2128,5): warning : The referenced project 'C:\Users\Adam\source\repos\OpenGL2024\glfw-3.4\build\tests\triangle-vulkan.vcxproj' does not exist.
C:\Program Files\Microsoft Visual Studio\2022\Community\MSBuild\Current\Bin\amd64\Microsoft.Common.CurrentVersion.targets(2128,5): warning : The referenced project 'C:\Users\Adam\source\repos\OpenGL2024\glfw-3.4\build\examples\wave.vcxproj' does not exist.
C:\Program Files\Microsoft Visual Studio\2022\Community\MSBuild\Current\Bin\amd64\Microsoft.Common.CurrentVersion.targets(2128,5): warning : The referenced project 'C:\Users\Adam\source\repos\OpenGL2024\glfw-3.4\build\tests\window.vcxproj' does not exist.
C:\Program Files\Microsoft Visual Studio\2022\Community\MSBuild\Current\Bin\amd64\Microsoft.Common.CurrentVersion.targets(2128,5): warning : The referenced project 'C:\Users\Adam\source\repos\OpenGL2024\glfw-3.4\build\examples\windows.vcxproj' does not exist.
C:\Program Files\Microsoft Visual Studio\2022\Community\MSBuild\Microsoft\VC\v170\Microsoft.CppBuild.targets(1189,5): error MSB3191: Unable to create directory "C:\Users\Adam\source\repos\OpenGL2024\glfw-3.4\build\CMakeFiles\". Access to the path 'C:\Users\Adam\source\repos\OpenGL2024\glfw-3.4\build\CMakeFiles\' is denied.
