c:\users\adam\source\repos\opengl2024\glfw-3.4\build\src\cmakefiles\generate.stamp
c:\users\adam\source\repos\opengl2024\glfw-3.4\build\src\glfw.dir\debug\context.obj
c:\users\adam\source\repos\opengl2024\glfw-3.4\build\src\glfw.dir\debug\egl_context.obj
c:\users\adam\source\repos\opengl2024\glfw-3.4\build\src\glfw.dir\debug\init.obj
c:\users\adam\source\repos\opengl2024\glfw-3.4\build\src\glfw.dir\debug\monitor.obj
c:\users\adam\source\repos\opengl2024\glfw-3.4\build\src\glfw.dir\debug\null_init.obj
c:\users\adam\source\repos\opengl2024\glfw-3.4\build\src\glfw.dir\debug\null_joystick.obj
c:\users\adam\source\repos\opengl2024\glfw-3.4\build\src\glfw.dir\debug\null_monitor.obj
c:\users\adam\source\repos\opengl2024\glfw-3.4\build\src\glfw.dir\debug\null_window.obj
c:\users\adam\source\repos\opengl2024\glfw-3.4\build\src\glfw.dir\debug\osmesa_context.obj
c:\users\adam\source\repos\opengl2024\glfw-3.4\build\src\glfw.dir\debug\vulkan.obj
c:\users\adam\source\repos\opengl2024\glfw-3.4\build\src\glfw.dir\debug\win32_module.obj
c:\users\adam\source\repos\opengl2024\glfw-3.4\build\src\glfw.dir\debug\win32_thread.obj
c:\users\adam\source\repos\opengl2024\glfw-3.4\build\src\glfw.dir\debug\win32_time.obj
c:\users\adam\source\repos\opengl2024\glfw-3.4\build\src\glfw.dir\debug\window.obj
c:\users\adam\source\repos\opengl2024\glfw-3.4\build\src\debug\glfw3.pdb
c:\users\adam\source\repos\opengl2024\glfw-3.4\build\src\glfw.dir\debug\glfw.tlog\cl.command.1.tlog
c:\users\adam\source\repos\opengl2024\glfw-3.4\build\src\glfw.dir\debug\glfw.tlog\custombuild.command.1.tlog
c:\users\adam\source\repos\opengl2024\glfw-3.4\build\src\glfw.dir\debug\glfw.tlog\custombuild.read.1.tlog
c:\users\adam\source\repos\opengl2024\glfw-3.4\build\src\glfw.dir\debug\glfw.tlog\custombuild.write.1.tlog
