c:\users\adam\source\repos\opengl2024\glfw-3.4\build\examples\gears.dir\debug\vc143.pdb
c:\users\adam\source\repos\opengl2024\glfw-3.4\build\examples\gears.dir\debug\gears.obj
c:\users\adam\source\repos\opengl2024\glfw-3.4\build\examples\cmakefiles\generate.stamp
c:\users\adam\source\repos\opengl2024\glfw-3.4\build\examples\debug\gears.exe
d:\gihub\opengl\opengl2024\glfw-3.4\build\examples\gears.dir\debug\gears.ilk
c:\users\adam\source\repos\opengl2024\glfw-3.4\build\examples\debug\gears.pdb
c:\users\adam\source\repos\opengl2024\glfw-3.4\build\examples\gears.dir\debug\glfw.res
d:\github\opengl\opengl2024\glfw-3.4\build\examples\gears.dir\debug\gears.ilk
d:\github\opengl\opengl2024\glfw-3.4\build\examples\gears.dir\debug\glfw.res
d:\github\opengl\opengl2024\glfw-3.4\build\examples\gears.dir\debug\vc143.pdb
d:\github\opengl\opengl2024\glfw-3.4\build\examples\gears.dir\debug\gears.tlog\cl.command.1.tlog
d:\github\opengl\opengl2024\glfw-3.4\build\examples\gears.dir\debug\gears.tlog\cl.items.tlog
d:\github\opengl\opengl2024\glfw-3.4\build\examples\gears.dir\debug\gears.tlog\cl.read.1.tlog
d:\github\opengl\opengl2024\glfw-3.4\build\examples\gears.dir\debug\gears.tlog\cl.write.1.tlog
d:\github\opengl\opengl2024\glfw-3.4\build\examples\gears.dir\debug\gears.tlog\custombuild.command.1.tlog
d:\github\opengl\opengl2024\glfw-3.4\build\examples\gears.dir\debug\gears.tlog\custombuild.read.1.tlog
d:\github\opengl\opengl2024\glfw-3.4\build\examples\gears.dir\debug\gears.tlog\custombuild.write.1.tlog
d:\github\opengl\opengl2024\glfw-3.4\build\examples\gears.dir\debug\gears.tlog\link.command.1.tlog
d:\github\opengl\opengl2024\glfw-3.4\build\examples\gears.dir\debug\gears.tlog\link.read.1.tlog
d:\github\opengl\opengl2024\glfw-3.4\build\examples\gears.dir\debug\gears.tlog\link.write.1.tlog
d:\github\opengl\opengl2024\glfw-3.4\build\examples\gears.dir\debug\gears.tlog\rc.command.1.tlog
d:\github\opengl\opengl2024\glfw-3.4\build\examples\gears.dir\debug\gears.tlog\rc.read.1.tlog
d:\github\opengl\opengl2024\glfw-3.4\build\examples\gears.dir\debug\gears.tlog\rc.write.1.tlog
