c:\users\adam\source\repos\opengl2024\glfw-3.4\build\examples\particles.dir\debug\vc143.pdb
c:\users\adam\source\repos\opengl2024\glfw-3.4\build\examples\particles.dir\debug\getopt.obj
c:\users\adam\source\repos\opengl2024\glfw-3.4\build\examples\particles.dir\debug\tinycthread.obj
c:\users\adam\source\repos\opengl2024\glfw-3.4\build\examples\particles.dir\debug\particles.obj
c:\users\adam\source\repos\opengl2024\glfw-3.4\build\examples\cmakefiles\generate.stamp
c:\users\adam\source\repos\opengl2024\glfw-3.4\build\examples\debug\particles.exe
d:\gihub\opengl\opengl2024\glfw-3.4\build\examples\particles.dir\debug\particles.ilk
c:\users\adam\source\repos\opengl2024\glfw-3.4\build\examples\debug\particles.pdb
c:\users\adam\source\repos\opengl2024\glfw-3.4\build\examples\particles.dir\debug\glfw.res
d:\github\opengl\opengl2024\glfw-3.4\build\examples\particles.dir\debug\particles.ilk
d:\github\opengl\opengl2024\glfw-3.4\build\examples\particles.dir\debug\glfw.res
d:\github\opengl\opengl2024\glfw-3.4\build\examples\particles.dir\debug\vc143.pdb
d:\github\opengl\opengl2024\glfw-3.4\build\examples\particles.dir\debug\particles.tlog\cl.command.1.tlog
d:\github\opengl\opengl2024\glfw-3.4\build\examples\particles.dir\debug\particles.tlog\cl.items.tlog
d:\github\opengl\opengl2024\glfw-3.4\build\examples\particles.dir\debug\particles.tlog\cl.read.1.tlog
d:\github\opengl\opengl2024\glfw-3.4\build\examples\particles.dir\debug\particles.tlog\cl.write.1.tlog
d:\github\opengl\opengl2024\glfw-3.4\build\examples\particles.dir\debug\particles.tlog\custombuild.command.1.tlog
d:\github\opengl\opengl2024\glfw-3.4\build\examples\particles.dir\debug\particles.tlog\custombuild.read.1.tlog
d:\github\opengl\opengl2024\glfw-3.4\build\examples\particles.dir\debug\particles.tlog\custombuild.write.1.tlog
d:\github\opengl\opengl2024\glfw-3.4\build\examples\particles.dir\debug\particles.tlog\link.command.1.tlog
d:\github\opengl\opengl2024\glfw-3.4\build\examples\particles.dir\debug\particles.tlog\link.read.1.tlog
d:\github\opengl\opengl2024\glfw-3.4\build\examples\particles.dir\debug\particles.tlog\link.write.1.tlog
d:\github\opengl\opengl2024\glfw-3.4\build\examples\particles.dir\debug\particles.tlog\rc.command.1.tlog
d:\github\opengl\opengl2024\glfw-3.4\build\examples\particles.dir\debug\particles.tlog\rc.read.1.tlog
d:\github\opengl\opengl2024\glfw-3.4\build\examples\particles.dir\debug\particles.tlog\rc.write.1.tlog
