  main.cpp
D:\Gihub\OpenGL\OpenGL2024\vsprj\OpenGl2024\OpenGl2024\FileLoader.h(16,2): warning C4091: 'static ': ignored on left of 'FileLoader' when no variable is declared
  (compiling source file 'main.cpp')
  
D:\Gihub\OpenGL\OpenGL2024\vsprj\OpenGl2024\OpenGl2024\perlin_noise.hpp(44,12): warning C4244: 'initializing': conversion from 'float' to 'int', possible loss of data
  (compiling source file 'main.cpp')
  
D:\Gihub\OpenGL\OpenGL2024\vsprj\OpenGl2024\OpenGl2024\perlin_noise.hpp(45,12): warning C4244: 'initializing': conversion from 'float' to 'int', possible loss of data
  (compiling source file 'main.cpp')
  
D:\Gihub\OpenGL\OpenGL2024\vsprj\OpenGl2024\OpenGl2024\perlin_noise.hpp(74,26): warning C4554: '>>': check operator precedence for possible error; use parentheses to clarify precedence
  (compiling source file 'main.cpp')
  
D:\Gihub\OpenGL\OpenGL2024\vsprj\OpenGl2024\OpenGl2024\perlin_noise.hpp(77,26): warning C4554: '>>': check operator precedence for possible error; use parentheses to clarify precedence
  (compiling source file 'main.cpp')
  
D:\Gihub\OpenGL\OpenGL2024\vsprj\OpenGl2024\OpenGl2024\perlin_noise.hpp(79,15): warning C4244: 'initializing': conversion from 'double' to 'float', possible loss of data
  (compiling source file 'main.cpp')
  
D:\Gihub\OpenGL\OpenGL2024\vsprj\OpenGl2024\OpenGl2024\perlin_noise.hpp(101,55): warning C4244: 'return': conversion from 'double' to 'float', possible loss of data
  (compiling source file 'main.cpp')
  
D:\Gihub\OpenGL\OpenGL2024\vsprj\OpenGl2024\OpenGl2024\ActionQueue.h(30,13): warning C4267: 'initializing': conversion from 'size_t' to 'int', possible loss of data
  (compiling source file 'main.cpp')
  
D:\Gihub\OpenGL\OpenGL2024\vsprj\OpenGl2024\OpenGl2024\main.cpp(248,29): warning C4018: '<': signed/unsigned mismatch
D:\Gihub\OpenGL\OpenGL2024\vsprj\OpenGl2024\OpenGl2024\main.cpp(423,29): warning C4018: '<': signed/unsigned mismatch
  TerrainGenerator.cpp
D:\Gihub\OpenGL\OpenGL2024\vsprj\OpenGl2024\OpenGl2024\FileLoader.h(16,2): warning C4091: 'static ': ignored on left of 'FileLoader' when no variable is declared
  (compiling source file 'TerrainGenerator.cpp')
  
D:\Gihub\OpenGL\OpenGL2024\vsprj\OpenGl2024\OpenGl2024\ActionQueue.h(30,13): warning C4267: 'initializing': conversion from 'size_t' to 'int', possible loss of data
  (compiling source file 'TerrainGenerator.cpp')
  
D:\Gihub\OpenGL\OpenGL2024\vsprj\OpenGl2024\OpenGl2024\perlin_noise.hpp(44,12): warning C4244: 'initializing': conversion from 'float' to 'int', possible loss of data
  (compiling source file 'TerrainGenerator.cpp')
  
D:\Gihub\OpenGL\OpenGL2024\vsprj\OpenGl2024\OpenGl2024\perlin_noise.hpp(45,12): warning C4244: 'initializing': conversion from 'float' to 'int', possible loss of data
  (compiling source file 'TerrainGenerator.cpp')
  
D:\Gihub\OpenGL\OpenGL2024\vsprj\OpenGl2024\OpenGl2024\perlin_noise.hpp(74,26): warning C4554: '>>': check operator precedence for possible error; use parentheses to clarify precedence
  (compiling source file 'TerrainGenerator.cpp')
  
D:\Gihub\OpenGL\OpenGL2024\vsprj\OpenGl2024\OpenGl2024\perlin_noise.hpp(77,26): warning C4554: '>>': check operator precedence for possible error; use parentheses to clarify precedence
  (compiling source file 'TerrainGenerator.cpp')
  
D:\Gihub\OpenGL\OpenGL2024\vsprj\OpenGl2024\OpenGl2024\perlin_noise.hpp(79,15): warning C4244: 'initializing': conversion from 'double' to 'float', possible loss of data
  (compiling source file 'TerrainGenerator.cpp')
  
D:\Gihub\OpenGL\OpenGL2024\vsprj\OpenGl2024\OpenGl2024\perlin_noise.hpp(101,55): warning C4244: 'return': conversion from 'double' to 'float', possible loss of data
  (compiling source file 'TerrainGenerator.cpp')
  
D:\Gihub\OpenGL\OpenGL2024\vsprj\OpenGl2024\OpenGl2024\TerrainGenerator.cpp(108,32): warning C4018: '<': signed/unsigned mismatch
D:\Gihub\OpenGL\OpenGL2024\vsprj\OpenGl2024\OpenGl2024\TerrainGenerator.cpp(140,36): warning C4244: 'initializing': conversion from 'int' to 'float', possible loss of data
D:\Gihub\OpenGL\OpenGL2024\vsprj\OpenGl2024\OpenGl2024\TerrainGenerator.cpp(140,29): warning C4244: 'initializing': conversion from 'int' to 'const float', possible loss of data
D:\Gihub\OpenGL\OpenGL2024\vsprj\OpenGl2024\OpenGl2024\TerrainGenerator.cpp(164,100): warning C4244: 'argument': conversion from 'const int' to 'float', possible loss of data
D:\Gihub\OpenGL\OpenGL2024\vsprj\OpenGl2024\OpenGl2024\TerrainGenerator.cpp(222,32): warning C4018: '<': signed/unsigned mismatch
  Generating Code...
  OpenGl2024.vcxproj -> D:\Gihub\OpenGL\OpenGL2024\vsprj\OpenGl2024\x64\Debug\OpenGl2024.exe
  Copying native Assimp libraries...
  D:\Gihub\OpenGL\OpenGL2024\vsprj\OpenGl2024\x64\Debug\OpenGl2024.deps.json
