d:\gihub\opengl\opengl2024\vsprj\opengl2024\opengl2024\x64\debug\vc143.pdb
d:\gihub\opengl\opengl2024\vsprj\opengl2024\opengl2024\x64\debug\vc143.idb
d:\gihub\opengl\opengl2024\vsprj\opengl2024\opengl2024\x64\debug\triangle-opengl.obj
d:\gihub\opengl\opengl2024\vsprj\opengl2024\opengl2024\x64\debug\glad.obj
d:\gihub\opengl\opengl2024\vsprj\opengl2024\opengl2024\x64\debug\testingclass.obj
d:\gihub\opengl\opengl2024\vsprj\opengl2024\opengl2024\x64\debug\triangle.obj
d:\gihub\opengl\opengl2024\vsprj\opengl2024\opengl2024\x64\debug\main.obj
d:\gihub\opengl\opengl2024\vsprj\opengl2024\x64\debug\opengl2024.exe
d:\gihub\opengl\opengl2024\vsprj\opengl2024\opengl2024\x64\debug\opengl2024.ilk
d:\gihub\opengl\opengl2024\vsprj\opengl2024\x64\debug\opengl2024.pdb
d:\github\opengl\opengl2024\vsprj\opengl2024\opengl2024\x64\debug\opengl2024.ilk
d:\github\opengl\opengl2024\vsprj\opengl2024\opengl2024\x64\debug\vc143.idb
d:\github\opengl\opengl2024\vsprj\opengl2024\opengl2024\x64\debug\vc143.pdb
d:\github\opengl\opengl2024\vsprj\opengl2024\x64\debug\opengl2024.pdb
d:\github\opengl\opengl2024\vsprj\opengl2024\opengl2024\x64\debug\opengl2024.tlog\cl.command.1.tlog
d:\github\opengl\opengl2024\vsprj\opengl2024\opengl2024\x64\debug\opengl2024.tlog\cl.items.tlog
d:\github\opengl\opengl2024\vsprj\opengl2024\opengl2024\x64\debug\opengl2024.tlog\cl.read.1.tlog
d:\github\opengl\opengl2024\vsprj\opengl2024\opengl2024\x64\debug\opengl2024.tlog\cl.write.1.tlog
d:\github\opengl\opengl2024\vsprj\opengl2024\opengl2024\x64\debug\opengl2024.tlog\link.command.1.tlog
d:\github\opengl\opengl2024\vsprj\opengl2024\opengl2024\x64\debug\opengl2024.tlog\link.read.1.tlog
d:\github\opengl\opengl2024\vsprj\opengl2024\opengl2024\x64\debug\opengl2024.tlog\link.write.1.tlog
