c:\users\adam\source\repos\opengl2024\glfw-3.4\build\examples\heightmap.dir\debug\vc143.pdb
c:\users\adam\source\repos\opengl2024\glfw-3.4\build\examples\heightmap.dir\debug\heightmap.obj
c:\users\adam\source\repos\opengl2024\glfw-3.4\build\examples\cmakefiles\generate.stamp
c:\users\adam\source\repos\opengl2024\glfw-3.4\build\examples\debug\heightmap.exe
d:\gihub\opengl\opengl2024\glfw-3.4\build\examples\heightmap.dir\debug\heightmap.ilk
c:\users\adam\source\repos\opengl2024\glfw-3.4\build\examples\debug\heightmap.pdb
c:\users\adam\source\repos\opengl2024\glfw-3.4\build\examples\heightmap.dir\debug\glfw.res
d:\github\opengl\opengl2024\glfw-3.4\build\examples\heightmap.dir\debug\heightmap.ilk
d:\github\opengl\opengl2024\glfw-3.4\build\examples\heightmap.dir\debug\glfw.res
d:\github\opengl\opengl2024\glfw-3.4\build\examples\heightmap.dir\debug\vc143.pdb
d:\github\opengl\opengl2024\glfw-3.4\build\examples\heightmap.dir\debug\heightmap.tlog\cl.command.1.tlog
d:\github\opengl\opengl2024\glfw-3.4\build\examples\heightmap.dir\debug\heightmap.tlog\cl.items.tlog
d:\github\opengl\opengl2024\glfw-3.4\build\examples\heightmap.dir\debug\heightmap.tlog\cl.read.1.tlog
d:\github\opengl\opengl2024\glfw-3.4\build\examples\heightmap.dir\debug\heightmap.tlog\cl.write.1.tlog
d:\github\opengl\opengl2024\glfw-3.4\build\examples\heightmap.dir\debug\heightmap.tlog\custombuild.command.1.tlog
d:\github\opengl\opengl2024\glfw-3.4\build\examples\heightmap.dir\debug\heightmap.tlog\custombuild.read.1.tlog
d:\github\opengl\opengl2024\glfw-3.4\build\examples\heightmap.dir\debug\heightmap.tlog\custombuild.write.1.tlog
d:\github\opengl\opengl2024\glfw-3.4\build\examples\heightmap.dir\debug\heightmap.tlog\link.command.1.tlog
d:\github\opengl\opengl2024\glfw-3.4\build\examples\heightmap.dir\debug\heightmap.tlog\link.read.1.tlog
d:\github\opengl\opengl2024\glfw-3.4\build\examples\heightmap.dir\debug\heightmap.tlog\link.write.1.tlog
d:\github\opengl\opengl2024\glfw-3.4\build\examples\heightmap.dir\debug\heightmap.tlog\rc.command.1.tlog
d:\github\opengl\opengl2024\glfw-3.4\build\examples\heightmap.dir\debug\heightmap.tlog\rc.read.1.tlog
d:\github\opengl\opengl2024\glfw-3.4\build\examples\heightmap.dir\debug\heightmap.tlog\rc.write.1.tlog
