c:\users\adam\source\repos\opengl2024\glfw-3.4\build\examples\boing.dir\debug\vc143.pdb
c:\users\adam\source\repos\opengl2024\glfw-3.4\build\examples\boing.dir\debug\boing.obj
c:\users\adam\source\repos\opengl2024\glfw-3.4\build\examples\cmakefiles\generate.stamp
c:\users\adam\source\repos\opengl2024\glfw-3.4\build\examples\debug\boing.exe
d:\gihub\opengl\opengl2024\glfw-3.4\build\examples\boing.dir\debug\boing.ilk
c:\users\adam\source\repos\opengl2024\glfw-3.4\build\examples\debug\boing.pdb
c:\users\adam\source\repos\opengl2024\glfw-3.4\build\examples\boing.dir\debug\glfw.res
d:\github\opengl\opengl2024\glfw-3.4\build\examples\boing.dir\debug\boing.ilk
d:\github\opengl\opengl2024\glfw-3.4\build\examples\boing.dir\debug\glfw.res
d:\github\opengl\opengl2024\glfw-3.4\build\examples\boing.dir\debug\vc143.pdb
d:\github\opengl\opengl2024\glfw-3.4\build\examples\boing.dir\debug\boing.tlog\cl.command.1.tlog
d:\github\opengl\opengl2024\glfw-3.4\build\examples\boing.dir\debug\boing.tlog\cl.items.tlog
d:\github\opengl\opengl2024\glfw-3.4\build\examples\boing.dir\debug\boing.tlog\cl.read.1.tlog
d:\github\opengl\opengl2024\glfw-3.4\build\examples\boing.dir\debug\boing.tlog\cl.write.1.tlog
d:\github\opengl\opengl2024\glfw-3.4\build\examples\boing.dir\debug\boing.tlog\custombuild.command.1.tlog
d:\github\opengl\opengl2024\glfw-3.4\build\examples\boing.dir\debug\boing.tlog\custombuild.read.1.tlog
d:\github\opengl\opengl2024\glfw-3.4\build\examples\boing.dir\debug\boing.tlog\custombuild.write.1.tlog
d:\github\opengl\opengl2024\glfw-3.4\build\examples\boing.dir\debug\boing.tlog\link.command.1.tlog
d:\github\opengl\opengl2024\glfw-3.4\build\examples\boing.dir\debug\boing.tlog\link.read.1.tlog
d:\github\opengl\opengl2024\glfw-3.4\build\examples\boing.dir\debug\boing.tlog\link.write.1.tlog
d:\github\opengl\opengl2024\glfw-3.4\build\examples\boing.dir\debug\boing.tlog\rc.command.1.tlog
d:\github\opengl\opengl2024\glfw-3.4\build\examples\boing.dir\debug\boing.tlog\rc.read.1.tlog
d:\github\opengl\opengl2024\glfw-3.4\build\examples\boing.dir\debug\boing.tlog\rc.write.1.tlog
