c:\users\adam\source\repos\opengl2024\glfw-3.4\build\examples\sharing.dir\debug\vc143.pdb
c:\users\adam\source\repos\opengl2024\glfw-3.4\build\examples\sharing.dir\debug\sharing.obj
c:\users\adam\source\repos\opengl2024\glfw-3.4\build\examples\cmakefiles\generate.stamp
c:\users\adam\source\repos\opengl2024\glfw-3.4\build\examples\debug\sharing.exe
d:\gihub\opengl\opengl2024\glfw-3.4\build\examples\sharing.dir\debug\sharing.ilk
c:\users\adam\source\repos\opengl2024\glfw-3.4\build\examples\debug\sharing.pdb
c:\users\adam\source\repos\opengl2024\glfw-3.4\build\examples\sharing.dir\debug\glfw.res
d:\github\opengl\opengl2024\glfw-3.4\build\examples\sharing.dir\debug\sharing.ilk
d:\github\opengl\opengl2024\glfw-3.4\build\examples\sharing.dir\debug\glfw.res
d:\github\opengl\opengl2024\glfw-3.4\build\examples\sharing.dir\debug\vc143.pdb
d:\github\opengl\opengl2024\glfw-3.4\build\examples\sharing.dir\debug\sharing.tlog\cl.command.1.tlog
d:\github\opengl\opengl2024\glfw-3.4\build\examples\sharing.dir\debug\sharing.tlog\cl.items.tlog
d:\github\opengl\opengl2024\glfw-3.4\build\examples\sharing.dir\debug\sharing.tlog\cl.read.1.tlog
d:\github\opengl\opengl2024\glfw-3.4\build\examples\sharing.dir\debug\sharing.tlog\cl.write.1.tlog
d:\github\opengl\opengl2024\glfw-3.4\build\examples\sharing.dir\debug\sharing.tlog\custombuild.command.1.tlog
d:\github\opengl\opengl2024\glfw-3.4\build\examples\sharing.dir\debug\sharing.tlog\custombuild.read.1.tlog
d:\github\opengl\opengl2024\glfw-3.4\build\examples\sharing.dir\debug\sharing.tlog\custombuild.write.1.tlog
d:\github\opengl\opengl2024\glfw-3.4\build\examples\sharing.dir\debug\sharing.tlog\link.command.1.tlog
d:\github\opengl\opengl2024\glfw-3.4\build\examples\sharing.dir\debug\sharing.tlog\link.read.1.tlog
d:\github\opengl\opengl2024\glfw-3.4\build\examples\sharing.dir\debug\sharing.tlog\link.write.1.tlog
d:\github\opengl\opengl2024\glfw-3.4\build\examples\sharing.dir\debug\sharing.tlog\rc.command.1.tlog
d:\github\opengl\opengl2024\glfw-3.4\build\examples\sharing.dir\debug\sharing.tlog\rc.read.1.tlog
d:\github\opengl\opengl2024\glfw-3.4\build\examples\sharing.dir\debug\sharing.tlog\rc.write.1.tlog
