c:\users\adam\source\repos\opengl2024\glfw-3.4\build\examples\wave.dir\debug\vc143.pdb
c:\users\adam\source\repos\opengl2024\glfw-3.4\build\examples\wave.dir\debug\wave.obj
c:\users\adam\source\repos\opengl2024\glfw-3.4\build\examples\cmakefiles\generate.stamp
c:\users\adam\source\repos\opengl2024\glfw-3.4\build\examples\debug\wave.exe
d:\gihub\opengl\opengl2024\glfw-3.4\build\examples\wave.dir\debug\wave.ilk
c:\users\adam\source\repos\opengl2024\glfw-3.4\build\examples\debug\wave.pdb
c:\users\adam\source\repos\opengl2024\glfw-3.4\build\examples\wave.dir\debug\glfw.res
d:\github\opengl\opengl2024\glfw-3.4\build\examples\wave.dir\debug\wave.ilk
d:\github\opengl\opengl2024\glfw-3.4\build\examples\wave.dir\debug\glfw.res
d:\github\opengl\opengl2024\glfw-3.4\build\examples\wave.dir\debug\vc143.pdb
d:\github\opengl\opengl2024\glfw-3.4\build\examples\wave.dir\debug\wave.tlog\cl.command.1.tlog
d:\github\opengl\opengl2024\glfw-3.4\build\examples\wave.dir\debug\wave.tlog\cl.items.tlog
d:\github\opengl\opengl2024\glfw-3.4\build\examples\wave.dir\debug\wave.tlog\cl.read.1.tlog
d:\github\opengl\opengl2024\glfw-3.4\build\examples\wave.dir\debug\wave.tlog\cl.write.1.tlog
d:\github\opengl\opengl2024\glfw-3.4\build\examples\wave.dir\debug\wave.tlog\custombuild.command.1.tlog
d:\github\opengl\opengl2024\glfw-3.4\build\examples\wave.dir\debug\wave.tlog\custombuild.read.1.tlog
d:\github\opengl\opengl2024\glfw-3.4\build\examples\wave.dir\debug\wave.tlog\custombuild.write.1.tlog
d:\github\opengl\opengl2024\glfw-3.4\build\examples\wave.dir\debug\wave.tlog\link.command.1.tlog
d:\github\opengl\opengl2024\glfw-3.4\build\examples\wave.dir\debug\wave.tlog\link.read.1.tlog
d:\github\opengl\opengl2024\glfw-3.4\build\examples\wave.dir\debug\wave.tlog\link.write.1.tlog
d:\github\opengl\opengl2024\glfw-3.4\build\examples\wave.dir\debug\wave.tlog\rc.command.1.tlog
d:\github\opengl\opengl2024\glfw-3.4\build\examples\wave.dir\debug\wave.tlog\rc.read.1.tlog
d:\github\opengl\opengl2024\glfw-3.4\build\examples\wave.dir\debug\wave.tlog\rc.write.1.tlog
