c:\users\adam\source\repos\opengl2024\glfw-3.4\build\examples\triangle-opengles.dir\debug\vc143.pdb
c:\users\adam\source\repos\opengl2024\glfw-3.4\build\examples\triangle-opengles.dir\debug\triangle-opengles.obj
c:\users\adam\source\repos\opengl2024\glfw-3.4\build\examples\cmakefiles\generate.stamp
c:\users\adam\source\repos\opengl2024\glfw-3.4\build\examples\debug\triangle-opengles.exe
d:\gihub\opengl\opengl2024\glfw-3.4\build\examples\triangle-opengles.dir\debug\triangle-opengles.ilk
c:\users\adam\source\repos\opengl2024\glfw-3.4\build\examples\debug\triangle-opengles.pdb
c:\users\adam\source\repos\opengl2024\glfw-3.4\build\examples\triangle-opengles.dir\debug\glfw.res
d:\github\opengl\opengl2024\glfw-3.4\build\examples\triangle-opengles.dir\debug\triangle-opengles.ilk
d:\github\opengl\opengl2024\glfw-3.4\build\examples\triangle-opengles.dir\debug\glfw.res
d:\github\opengl\opengl2024\glfw-3.4\build\examples\triangle-opengles.dir\debug\vc143.pdb
d:\github\opengl\opengl2024\glfw-3.4\build\examples\triangle-opengles.dir\debug\triangle.d5797e8e.tlog\cl.command.1.tlog
d:\github\opengl\opengl2024\glfw-3.4\build\examples\triangle-opengles.dir\debug\triangle.d5797e8e.tlog\cl.items.tlog
d:\github\opengl\opengl2024\glfw-3.4\build\examples\triangle-opengles.dir\debug\triangle.d5797e8e.tlog\cl.read.1.tlog
d:\github\opengl\opengl2024\glfw-3.4\build\examples\triangle-opengles.dir\debug\triangle.d5797e8e.tlog\cl.write.1.tlog
d:\github\opengl\opengl2024\glfw-3.4\build\examples\triangle-opengles.dir\debug\triangle.d5797e8e.tlog\custombuild.command.1.tlog
d:\github\opengl\opengl2024\glfw-3.4\build\examples\triangle-opengles.dir\debug\triangle.d5797e8e.tlog\custombuild.read.1.tlog
d:\github\opengl\opengl2024\glfw-3.4\build\examples\triangle-opengles.dir\debug\triangle.d5797e8e.tlog\custombuild.write.1.tlog
d:\github\opengl\opengl2024\glfw-3.4\build\examples\triangle-opengles.dir\debug\triangle.d5797e8e.tlog\link.command.1.tlog
d:\github\opengl\opengl2024\glfw-3.4\build\examples\triangle-opengles.dir\debug\triangle.d5797e8e.tlog\link.read.1.tlog
d:\github\opengl\opengl2024\glfw-3.4\build\examples\triangle-opengles.dir\debug\triangle.d5797e8e.tlog\link.write.1.tlog
d:\github\opengl\opengl2024\glfw-3.4\build\examples\triangle-opengles.dir\debug\triangle.d5797e8e.tlog\rc.command.1.tlog
d:\github\opengl\opengl2024\glfw-3.4\build\examples\triangle-opengles.dir\debug\triangle.d5797e8e.tlog\rc.read.1.tlog
d:\github\opengl\opengl2024\glfw-3.4\build\examples\triangle-opengles.dir\debug\triangle.d5797e8e.tlog\rc.write.1.tlog
