c:\users\adam\source\repos\opengl2024\glfw-3.4\build\examples\splitview.dir\debug\vc143.pdb
c:\users\adam\source\repos\opengl2024\glfw-3.4\build\examples\splitview.dir\debug\splitview.obj
c:\users\adam\source\repos\opengl2024\glfw-3.4\build\examples\cmakefiles\generate.stamp
c:\users\adam\source\repos\opengl2024\glfw-3.4\build\examples\debug\splitview.exe
d:\gihub\opengl\opengl2024\glfw-3.4\build\examples\splitview.dir\debug\splitview.ilk
c:\users\adam\source\repos\opengl2024\glfw-3.4\build\examples\debug\splitview.pdb
c:\users\adam\source\repos\opengl2024\glfw-3.4\build\examples\splitview.dir\debug\glfw.res
d:\github\opengl\opengl2024\glfw-3.4\build\examples\splitview.dir\debug\splitview.ilk
d:\github\opengl\opengl2024\glfw-3.4\build\examples\splitview.dir\debug\glfw.res
d:\github\opengl\opengl2024\glfw-3.4\build\examples\splitview.dir\debug\vc143.pdb
d:\github\opengl\opengl2024\glfw-3.4\build\examples\splitview.dir\debug\splitview.tlog\cl.command.1.tlog
d:\github\opengl\opengl2024\glfw-3.4\build\examples\splitview.dir\debug\splitview.tlog\cl.items.tlog
d:\github\opengl\opengl2024\glfw-3.4\build\examples\splitview.dir\debug\splitview.tlog\cl.read.1.tlog
d:\github\opengl\opengl2024\glfw-3.4\build\examples\splitview.dir\debug\splitview.tlog\cl.write.1.tlog
d:\github\opengl\opengl2024\glfw-3.4\build\examples\splitview.dir\debug\splitview.tlog\custombuild.command.1.tlog
d:\github\opengl\opengl2024\glfw-3.4\build\examples\splitview.dir\debug\splitview.tlog\custombuild.read.1.tlog
d:\github\opengl\opengl2024\glfw-3.4\build\examples\splitview.dir\debug\splitview.tlog\custombuild.write.1.tlog
d:\github\opengl\opengl2024\glfw-3.4\build\examples\splitview.dir\debug\splitview.tlog\link.command.1.tlog
d:\github\opengl\opengl2024\glfw-3.4\build\examples\splitview.dir\debug\splitview.tlog\link.read.1.tlog
d:\github\opengl\opengl2024\glfw-3.4\build\examples\splitview.dir\debug\splitview.tlog\link.write.1.tlog
d:\github\opengl\opengl2024\glfw-3.4\build\examples\splitview.dir\debug\splitview.tlog\rc.command.1.tlog
d:\github\opengl\opengl2024\glfw-3.4\build\examples\splitview.dir\debug\splitview.tlog\rc.read.1.tlog
d:\github\opengl\opengl2024\glfw-3.4\build\examples\splitview.dir\debug\splitview.tlog\rc.write.1.tlog
