c:\users\adam\source\repos\opengl2024\glfw-3.4\build\examples\windows.dir\debug\vc143.pdb
c:\users\adam\source\repos\opengl2024\glfw-3.4\build\examples\windows.dir\debug\windows.obj
c:\users\adam\source\repos\opengl2024\glfw-3.4\build\examples\cmakefiles\generate.stamp
c:\users\adam\source\repos\opengl2024\glfw-3.4\build\examples\debug\windows.exe
d:\gihub\opengl\opengl2024\glfw-3.4\build\examples\windows.dir\debug\windows.ilk
c:\users\adam\source\repos\opengl2024\glfw-3.4\build\examples\debug\windows.pdb
c:\users\adam\source\repos\opengl2024\glfw-3.4\build\examples\windows.dir\debug\glfw.res
d:\github\opengl\opengl2024\glfw-3.4\build\examples\windows.dir\debug\windows.ilk
d:\github\opengl\opengl2024\glfw-3.4\build\examples\windows.dir\debug\glfw.res
d:\github\opengl\opengl2024\glfw-3.4\build\examples\windows.dir\debug\vc143.pdb
d:\github\opengl\opengl2024\glfw-3.4\build\examples\windows.dir\debug\windows.tlog\cl.command.1.tlog
d:\github\opengl\opengl2024\glfw-3.4\build\examples\windows.dir\debug\windows.tlog\cl.items.tlog
d:\github\opengl\opengl2024\glfw-3.4\build\examples\windows.dir\debug\windows.tlog\cl.read.1.tlog
d:\github\opengl\opengl2024\glfw-3.4\build\examples\windows.dir\debug\windows.tlog\cl.write.1.tlog
d:\github\opengl\opengl2024\glfw-3.4\build\examples\windows.dir\debug\windows.tlog\custombuild.command.1.tlog
d:\github\opengl\opengl2024\glfw-3.4\build\examples\windows.dir\debug\windows.tlog\custombuild.read.1.tlog
d:\github\opengl\opengl2024\glfw-3.4\build\examples\windows.dir\debug\windows.tlog\custombuild.write.1.tlog
d:\github\opengl\opengl2024\glfw-3.4\build\examples\windows.dir\debug\windows.tlog\link.command.1.tlog
d:\github\opengl\opengl2024\glfw-3.4\build\examples\windows.dir\debug\windows.tlog\link.read.1.tlog
d:\github\opengl\opengl2024\glfw-3.4\build\examples\windows.dir\debug\windows.tlog\link.write.1.tlog
d:\github\opengl\opengl2024\glfw-3.4\build\examples\windows.dir\debug\windows.tlog\rc.command.1.tlog
d:\github\opengl\opengl2024\glfw-3.4\build\examples\windows.dir\debug\windows.tlog\rc.read.1.tlog
d:\github\opengl\opengl2024\glfw-3.4\build\examples\windows.dir\debug\windows.tlog\rc.write.1.tlog
